# JRE version: Java(TM) SE Runtime Environment (8.0_144-b01) (build 1.8.0_144-b01)
# Java VM: Java HotSpot(TM) 64-Bit Server VM (25.144-b01 mixed mode bsd-amd64 compressed oops)
Heap:
 PSYoungGen      total 49152K, used 29559K [0x0000000795580000, 0x0000000798a80000, 0x00000007c0000000)
  eden space 45056K, 57% used [0x0000000795580000,0x0000000796ea9cc8,0x0000000798180000)
  from space 4096K, 92% used [0x0000000798680000,0x0000000798a34020,0x0000000798a80000)
  to   space 4608K, 0% used [0x0000000798180000,0x0000000798180000,0x0000000798600000)
 ParOldGen       total 93184K, used 20362K [0x0000000740000000, 0x0000000745b00000, 0x0000000795580000)
  object space 93184K, 21% used [0x0000000740000000,0x00000007413e2a10,0x0000000745b00000)
 Metaspace       used 25368K, capacity 26344K, committed 26624K, reserved 1073152K
  class space    used 3483K, capacity 3716K, committed 3840K, reserved 1048576K
GC Heap History (10 events):
Event: 151.981 GC heap before
{Heap before GC invocations=62 (full 2):
 PSYoungGen      total 54272K, used 53965K [0x0000000795580000, 0x0000000798f80000, 0x00000007c0000000)
  eden space 50176K, 99% used [0x0000000795580000,0x000000079867f530,0x0000000798680000)
  from space 4096K, 92% used [0x0000000798780000,0x0000000798b34020,0x0000000798b80000)
  to   space 4096K, 0% used [0x0000000798b80000,0x0000000798b80000,0x0000000798f80000)
 ParOldGen       total 93184K, used 20362K [0x0000000740000000, 0x0000000745b00000, 0x0000000795580000)
  object space 93184K, 21% used [0x0000000740000000,0x00000007413e2a10,0x0000000745b00000)
 Metaspace       used 25308K, capacity 26294K, committed 26496K, reserved 1073152K
  class space    used 3471K, capacity 3705K, committed 3712K, reserved 1048576K
Event: 151.983 GC heap after
Heap after GC invocations=62 (full 2):
 PSYoungGen      total 52224K, used 1621K [0x0000000795580000, 0x0000000798e80000, 0x00000007c0000000)
  eden space 49152K, 0% used [0x0000000795580000,0x0000000795580000,0x0000000798580000)
  from space 3072K, 52% used [0x0000000798b80000,0x0000000798d15508,0x0000000798e80000)
  to   space 4608K, 0% used [0x0000000798580000,0x0000000798580000,0x0000000798a00000)
 ParOldGen       total 93184K, used 20362K [0x0000000740000000, 0x0000000745b00000, 0x0000000795580000)
  object space 93184K, 21% used [0x0000000740000000,0x00000007413e2a10,0x0000000745b00000)
 Metaspace       used 25308K, capacity 26294K, committed 26496K, reserved 1073152K
  class space    used 3471K, capacity 3705K, committed 3712K, reserved 1048576K
}
Event: 153.084 GC heap before
{Heap before GC invocations=63 (full 2):
 PSYoungGen      total 52224K, used 48965K [0x0000000795580000, 0x0000000798e80000, 0x00000007c0000000)
  eden space 49152K, 96% used [0x0000000795580000,0x00000007983bbf38,0x0000000798580000)
  from space 3072K, 52% used [0x0000000798b80000,0x0000000798d15508,0x0000000798e80000)
  to   space 4608K, 0% used [0x0000000798580000,0x0000000798580000,0x0000000798a00000)
 ParOldGen       total 93184K, used 20362K [0x0000000740000000, 0x0000000745b00000, 0x0000000795580000)
  object space 93184K, 21% used [0x0000000740000000,0x00000007413e2a10,0x0000000745b00000)
 Metaspace       used 25308K, capacity 26294K, committed 26496K, reserved 1073152K
  class space    used 3471K, capacity 3705K, committed 3712K, reserved 1048576K
Event: 153.085 GC heap after
Heap after GC invocations=63 (full 2):
 PSYoungGen      total 49664K, used 1517K [0x0000000795580000, 0x0000000798c80000, 0x00000007c0000000)
  eden space 48128K, 0% used [0x0000000795580000,0x0000000795580000,0x0000000798480000)
  from space 1536K, 98% used [0x0000000798580000,0x00000007986fb540,0x0000000798700000)
  to   space 4096K, 0% used [0x0000000798880000,0x0000000798880000,0x0000000798c80000)
 ParOldGen       total 93184K, used 20362K [0x0000000740000000, 0x0000000745b00000, 0x0000000795580000)
  object space 93184K, 21% used [0x0000000740000000,0x00000007413e2a10,0x0000000745b00000)
 Metaspace       used 25308K, capacity 26294K, committed 26496K, reserved 1073152K
  class space    used 3471K, capacity 3705K, committed 3712K, reserved 1048576K
}
Event: 154.279 GC heap before
{Heap before GC invocations=64 (full 2):
 PSYoungGen      total 49664K, used 48567K [0x0000000795580000, 0x0000000798c80000, 0x00000007c0000000)
  eden space 48128K, 97% used [0x0000000795580000,0x00000007983729f8,0x0000000798480000)
  from space 1536K, 98% used [0x0000000798580000,0x00000007986fb540,0x0000000798700000)
  to   space 4096K, 0% used [0x0000000798880000,0x0000000798880000,0x0000000798c80000)
 ParOldGen       total 93184K, used 20362K [0x0000000740000000, 0x0000000745b00000, 0x0000000795580000)
  object space 93184K, 21% used [0x0000000740000000,0x00000007413e2a10,0x0000000745b00000)
 Metaspace       used 25308K, capacity 26294K, committed 26496K, reserved 1073152K
  class space    used 3471K, capacity 3705K, committed 3712K, reserved 1048576K
Event: 154.281 GC heap after
Heap after GC invocations=64 (full 2):
 PSYoungGen      total 50176K, used 1399K [0x0000000795580000, 0x0000000798b80000, 0x00000007c0000000)
  eden space 47104K, 0% used [0x0000000795580000,0x0000000795580000,0x0000000798380000)
  from space 3072K, 45% used [0x0000000798880000,0x00000007989ddd50,0x0000000798b80000)
  to   space 4096K, 0% used [0x0000000798380000,0x0000000798380000,0x0000000798780000)
 ParOldGen       total 93184K, used 20362K [0x0000000740000000, 0x0000000745b00000, 0x0000000795580000)
  object space 93184K, 21% used [0x0000000740000000,0x00000007413e2a10,0x0000000745b00000)
 Metaspace       used 25308K, capacity 26294K, committed 26496K, reserved 1073152K
  class space    used 3471K, capacity 3705K, committed 3712K, reserved 1048576K
}
Event: 155.440 GC heap before
{Heap before GC invocations=65 (full 2):
 PSYoungGen      total 50176K, used 47467K [0x0000000795580000, 0x0000000798b80000, 0x00000007c0000000)
  eden space 47104K, 97% used [0x0000000795580000,0x000000079827cee0,0x0000000798380000)
  from space 3072K, 45% used [0x0000000798880000,0x00000007989ddd50,0x0000000798b80000)
  to   space 4096K, 0% used [0x0000000798380000,0x0000000798380000,0x0000000798780000)
 ParOldGen       total 93184K, used 20362K [0x0000000740000000, 0x0000000745b00000, 0x0000000795580000)
  object space 93184K, 21% used [0x0000000740000000,0x00000007413e2a10,0x0000000745b00000)
 Metaspace       used 25309K, capacity 26294K, committed 26496K, reserved 1073152K
  class space    used 3471K, capacity 3705K, committed 3712K, reserved 1048576K
Event: 155.441 GC heap after
Heap after GC invocations=65 (full 2):
 PSYoungGen      total 46592K, used 192K [0x0000000795580000, 0x0000000798a80000, 0x00000007c0000000)
  eden space 46080K, 0% used [0x0000000795580000,0x0000000795580000,0x0000000798280000)
  from space 512K, 37% used [0x0000000798380000,0x00000007983b0000,0x0000000798400000)
  to   space 4096K, 0% used [0x0000000798680000,0x0000000798680000,0x0000000798a80000)
 ParOldGen       total 93184K, used 20362K [0x0000000740000000, 0x0000000745b00000, 0x0000000795580000)
  object space 93184K, 21% used [0x0000000740000000,0x00000007413e2a10,0x0000000745b00000)
 Metaspace       used 25309K, capacity 26294K, committed 26496K, reserved 1073152K
  class space    used 3471K, capacity 3705K, committed 3712K, reserved 1048576K
}
Event: 156.431 GC heap before
{Heap before GC invocations=66 (full 2):
 PSYoungGen      total 46592K, used 46177K [0x0000000795580000, 0x0000000798a80000, 0x00000007c0000000)
  eden space 46080K, 99% used [0x0000000795580000,0x00000007982687b8,0x0000000798280000)
  from space 512K, 37% used [0x0000000798380000,0x00000007983b0000,0x0000000798400000)
  to   space 4096K, 0% used [0x0000000798680000,0x0000000798680000,0x0000000798a80000)
 ParOldGen       total 93184K, used 20362K [0x0000000740000000, 0x0000000745b00000, 0x0000000795580000)
  object space 93184K, 21% used [0x0000000740000000,0x00000007413e2a10,0x0000000745b00000)
 Metaspace       used 25309K, capacity 26294K, committed 26496K, reserved 1073152K
  class space    used 3471K, capacity 3705K, committed 3712K, reserved 1048576K
Event: 156.433 GC heap after
Heap after GC invocations=66 (full 2):
 PSYoungGen      total 49152K, used 3792K [0x0000000795580000, 0x0000000798a80000, 0x00000007c0000000)
  eden space 45056K, 0% used [0x0000000795580000,0x0000000795580000,0x0000000798180000)
  from space 4096K, 92% used [0x0000000798680000,0x0000000798a34020,0x0000000798a80000)
  to   space 4608K, 0% used [0x0000000798180000,0x0000000798180000,0x0000000798600000)
 ParOldGen       total 93184K, used 20362K [0x0000000740000000, 0x0000000745b00000, 0x0000000795580000)
  object space 93184K, 21% used [0x0000000740000000,0x00000007413e2a10,0x0000000745b00000)
 Metaspace       used 25309K, capacity 26294K, committed 26496K, reserved 1073152K
  class space    used 3471K, capacity 3705K, committed 3712K, reserved 1048576K
}

