# JRE version: Java(TM) SE Runtime Environment (8.0_144-b01) (build 1.8.0_144-b01)
# Java VM: Java HotSpot(TM) 64-Bit Server VM (25.144-b01 mixed mode bsd-amd64 compressed oops)
Heap:
 PSYoungGen      total 158720K, used 45246K [0x0000000795580000, 0x00000007a0100000, 0x00000007c0000000)
  eden space 154112K, 28% used [0x0000000795580000,0x0000000797ffc7d8,0x000000079ec00000)
  from space 4608K, 37% used [0x000000079fc80000,0x000000079fe331e8,0x00000007a0100000)
  to   space 10752K, 0% used [0x000000079ec00000,0x000000079ec00000,0x000000079f680000)
 ParOldGen       total 46080K, used 21002K [0x0000000740000000, 0x0000000742d00000, 0x0000000795580000)
  object space 46080K, 45% used [0x0000000740000000,0x0000000741482b68,0x0000000742d00000)
 Metaspace       used 24620K, capacity 25618K, committed 25856K, reserved 1071104K
  class space    used 3475K, capacity 3715K, committed 3840K, reserved 1048576K
GC Heap History (10 events):
Event: 4.681 GC heap before
{Heap before GC invocations=5 (full 1):
 PSYoungGen      total 38400K, used 38388K [0x0000000795580000, 0x0000000799a80000, 0x00000007c0000000)
  eden space 33280K, 100% used [0x0000000795580000,0x0000000797600000,0x0000000797600000)
  from space 5120K, 99% used [0x0000000797600000,0x0000000797afd0e8,0x0000000797b00000)
  to   space 5120K, 0% used [0x0000000799580000,0x0000000799580000,0x0000000799a80000)
 ParOldGen       total 46080K, used 8726K [0x0000000740000000, 0x0000000742d00000, 0x0000000795580000)
  object space 46080K, 18% used [0x0000000740000000,0x00000007408859d8,0x0000000742d00000)
 Metaspace       used 24022K, capacity 24942K, committed 25216K, reserved 1071104K
  class space    used 3455K, capacity 3661K, committed 3712K, reserved 1048576K
Event: 4.689 GC heap after
Heap after GC invocations=5 (full 1):
 PSYoungGen      total 64000K, used 5094K [0x0000000795580000, 0x0000000799a80000, 0x00000007c0000000)
  eden space 58880K, 0% used [0x0000000795580000,0x0000000795580000,0x0000000798f00000)
  from space 5120K, 99% used [0x0000000799580000,0x0000000799a79af0,0x0000000799a80000)
  to   space 5120K, 0% used [0x0000000799080000,0x0000000799080000,0x0000000799580000)
 ParOldGen       total 46080K, used 12434K [0x0000000740000000, 0x0000000742d00000, 0x0000000795580000)
  object space 46080K, 26% used [0x0000000740000000,0x0000000740c249e8,0x0000000742d00000)
 Metaspace       used 24022K, capacity 24942K, committed 25216K, reserved 1071104K
  class space    used 3455K, capacity 3661K, committed 3712K, reserved 1048576K
}
Event: 8.693 GC heap before
{Heap before GC invocations=6 (full 1):
 PSYoungGen      total 64000K, used 63542K [0x0000000795580000, 0x0000000799a80000, 0x00000007c0000000)
  eden space 58880K, 99% used [0x0000000795580000,0x0000000798e93e18,0x0000000798f00000)
  from space 5120K, 99% used [0x0000000799580000,0x0000000799a79af0,0x0000000799a80000)
  to   space 5120K, 0% used [0x0000000799080000,0x0000000799080000,0x0000000799580000)
 ParOldGen       total 46080K, used 12434K [0x0000000740000000, 0x0000000742d00000, 0x0000000795580000)
  object space 46080K, 26% used [0x0000000740000000,0x0000000740c249e8,0x0000000742d00000)
 Metaspace       used 24257K, capacity 25244K, committed 25472K, reserved 1071104K
  class space    used 3468K, capacity 3704K, committed 3712K, reserved 1048576K
Event: 8.700 GC heap after
Heap after GC invocations=6 (full 1):
 PSYoungGen      total 65536K, used 1644K [0x0000000795580000, 0x000000079cd80000, 0x00000007c0000000)
  eden space 60416K, 0% used [0x0000000795580000,0x0000000795580000,0x0000000799080000)
  from space 5120K, 32% used [0x0000000799080000,0x000000079921b060,0x0000000799580000)
  to   space 10752K, 0% used [0x000000079c300000,0x000000079c300000,0x000000079cd80000)
 ParOldGen       total 46080K, used 19762K [0x0000000740000000, 0x0000000742d00000, 0x0000000795580000)
  object space 46080K, 42% used [0x0000000740000000,0x000000074134ca08,0x0000000742d00000)
 Metaspace       used 24257K, capacity 25244K, committed 25472K, reserved 1071104K
  class space    used 3468K, capacity 3704K, committed 3712K, reserved 1048576K
}
Event: 11.038 GC heap before
{Heap before GC invocations=7 (full 1):
 PSYoungGen      total 65536K, used 61340K [0x0000000795580000, 0x000000079cd80000, 0x00000007c0000000)
  eden space 60416K, 98% used [0x0000000795580000,0x0000000798fcc328,0x0000000799080000)
  from space 5120K, 32% used [0x0000000799080000,0x000000079921b060,0x0000000799580000)
  to   space 10752K, 0% used [0x000000079c300000,0x000000079c300000,0x000000079cd80000)
 ParOldGen       total 46080K, used 19762K [0x0000000740000000, 0x0000000742d00000, 0x0000000795580000)
  object space 46080K, 42% used [0x0000000740000000,0x000000074134ca08,0x0000000742d00000)
 Metaspace       used 24322K, capacity 25308K, committed 25472K, reserved 1071104K
  class space    used 3468K, capacity 3704K, committed 3712K, reserved 1048576K
Event: 11.041 GC heap after
Heap after GC invocations=7 (full 1):
 PSYoungGen      total 111104K, used 1676K [0x0000000795580000, 0x000000079cd80000, 0x00000007c0000000)
  eden space 100352K, 0% used [0x0000000795580000,0x0000000795580000,0x000000079b780000)
  from space 10752K, 15% used [0x000000079c300000,0x000000079c4a3320,0x000000079cd80000)
  to   space 11264K, 0% used [0x000000079b780000,0x000000079b780000,0x000000079c280000)
 ParOldGen       total 46080K, used 19770K [0x0000000740000000, 0x0000000742d00000, 0x0000000795580000)
  object space 46080K, 42% used [0x0000000740000000,0x000000074134ea08,0x0000000742d00000)
 Metaspace       used 24322K, capacity 25308K, committed 25472K, reserved 1071104K
  class space    used 3468K, capacity 3704K, committed 3712K, reserved 1048576K
}
Event: 14.918 GC heap before
{Heap before GC invocations=8 (full 1):
 PSYoungGen      total 111104K, used 102028K [0x0000000795580000, 0x000000079cd80000, 0x00000007c0000000)
  eden space 100352K, 100% used [0x0000000795580000,0x000000079b780000,0x000000079b780000)
  from space 10752K, 15% used [0x000000079c300000,0x000000079c4a3320,0x000000079cd80000)
  to   space 11264K, 0% used [0x000000079b780000,0x000000079b780000,0x000000079c280000)
 ParOldGen       total 46080K, used 19770K [0x0000000740000000, 0x0000000742d00000, 0x0000000795580000)
  object space 46080K, 42% used [0x0000000740000000,0x000000074134ea08,0x0000000742d00000)
 Metaspace       used 24426K, capacity 25436K, committed 25472K, reserved 1071104K
  class space    used 3468K, capacity 3704K, committed 3712K, reserved 1048576K
Event: 14.922 GC heap after
Heap after GC invocations=8 (full 1):
 PSYoungGen      total 111616K, used 2912K [0x0000000795580000, 0x00000007a0700000, 0x00000007c0000000)
  eden space 100352K, 0% used [0x0000000795580000,0x0000000795580000,0x000000079b780000)
  from space 11264K, 25% used [0x000000079b780000,0x000000079ba58318,0x000000079c280000)
  to   space 10752K, 0% used [0x000000079fc80000,0x000000079fc80000,0x00000007a0700000)
 ParOldGen       total 46080K, used 19778K [0x0000000740000000, 0x0000000742d00000, 0x0000000795580000)
  object space 46080K, 42% used [0x0000000740000000,0x0000000741350a08,0x0000000742d00000)
 Metaspace       used 24426K, capacity 25436K, committed 25472K, reserved 1071104K
  class space    used 3468K, capacity 3704K, committed 3712K, reserved 1048576K
}
Event: 18.966 GC heap before
{Heap before GC invocations=9 (full 1):
 PSYoungGen      total 111616K, used 103123K [0x0000000795580000, 0x00000007a0700000, 0x00000007c0000000)
  eden space 100352K, 99% used [0x0000000795580000,0x000000079b75c968,0x000000079b780000)
  from space 11264K, 25% used [0x000000079b780000,0x000000079ba58318,0x000000079c280000)
  to   space 10752K, 0% used [0x000000079fc80000,0x000000079fc80000,0x00000007a0700000)
 ParOldGen       total 46080K, used 19778K [0x0000000740000000, 0x0000000742d00000, 0x0000000795580000)
  object space 46080K, 42% used [0x0000000740000000,0x0000000741350a08,0x0000000742d00000)
 Metaspace       used 24565K, capacity 25500K, committed 25728K, reserved 1071104K
  class space    used 3468K, capacity 3704K, committed 3712K, reserved 1048576K
Event: 18.971 GC heap after
Heap after GC invocations=9 (full 1):
 PSYoungGen      total 158720K, used 1740K [0x0000000795580000, 0x00000007a0100000, 0x00000007c0000000)
  eden space 154112K, 0% used [0x0000000795580000,0x0000000795580000,0x000000079ec00000)
  from space 4608K, 37% used [0x000000079fc80000,0x000000079fe331e8,0x00000007a0100000)
  to   space 10752K, 0% used [0x000000079ec00000,0x000000079ec00000,0x000000079f680000)
 ParOldGen       total 46080K, used 21002K [0x0000000740000000, 0x0000000742d00000, 0x0000000795580000)
  object space 46080K, 45% used [0x0000000740000000,0x0000000741482b68,0x0000000742d00000)
 Metaspace       used 24565K, capacity 25500K, committed 25728K, reserved 1071104K
  class space    used 3468K, capacity 3704K, committed 3712K, reserved 1048576K
}

