# JRE version: Java(TM) SE Runtime Environment (8.0_144-b01) (build 1.8.0_144-b01)
# Java VM: Java HotSpot(TM) 64-Bit Server VM (25.144-b01 mixed mode bsd-amd64 compressed oops)
Heap:
 PSYoungGen      total 194048K, used 57646K [0x0000000795580000, 0x00000007a7280000, 0x00000007c0000000)
  eden space 193536K, 29% used [0x0000000795580000,0x0000000798d83898,0x00000007a1280000)
  from space 512K, 56% used [0x00000007a4300000,0x00000007a4348000,0x00000007a4380000)
  to   space 24064K, 0% used [0x00000007a5b00000,0x00000007a5b00000,0x00000007a7280000)
 ParOldGen       total 95744K, used 17959K [0x0000000740000000, 0x0000000745d80000, 0x0000000795580000)
  object space 95744K, 18% used [0x0000000740000000,0x0000000741189c08,0x0000000745d80000)
 Metaspace       used 24945K, capacity 25934K, committed 26112K, reserved 1071104K
  class space    used 3470K, capacity 3715K, committed 3840K, reserved 1048576K
GC Heap History (10 events):
Event: 32.084 GC heap before
{Heap before GC invocations=13 (full 2):
 PSYoungGen      total 249856K, used 227317K [0x0000000795580000, 0x00000007a6f00000, 0x00000007c0000000)
  eden space 227840K, 99% used [0x0000000795580000,0x00000007a31e9370,0x00000007a3400000)
  from space 22016K, 7% used [0x00000007a5980000,0x00000007a5b140c8,0x00000007a6f00000)
  to   space 30208K, 0% used [0x00000007a3400000,0x00000007a3400000,0x00000007a5180000)
 ParOldGen       total 95744K, used 17903K [0x0000000740000000, 0x0000000745d80000, 0x0000000795580000)
  object space 95744K, 18% used [0x0000000740000000,0x000000074117bc08,0x0000000745d80000)
 Metaspace       used 24456K, capacity 25448K, committed 25728K, reserved 1071104K
  class space    used 3459K, capacity 3672K, committed 3712K, reserved 1048576K
Event: 32.086 GC heap after
Heap after GC invocations=13 (full 2):
 PSYoungGen      total 258048K, used 1669K [0x0000000795580000, 0x00000007aa780000, 0x00000007c0000000)
  eden space 227840K, 0% used [0x0000000795580000,0x0000000795580000,0x00000007a3400000)
  from space 30208K, 5% used [0x00000007a3400000,0x00000007a35a1498,0x00000007a5180000)
  to   space 28672K, 0% used [0x00000007a8b80000,0x00000007a8b80000,0x00000007aa780000)
 ParOldGen       total 95744K, used 17927K [0x0000000740000000, 0x0000000745d80000, 0x0000000795580000)
  object space 95744K, 18% used [0x0000000740000000,0x0000000741181c08,0x0000000745d80000)
 Metaspace       used 24456K, capacity 25448K, committed 25728K, reserved 1071104K
  class space    used 3459K, capacity 3672K, committed 3712K, reserved 1048576K
}
Event: 38.828 GC heap before
{Heap before GC invocations=14 (full 2):
 PSYoungGen      total 258048K, used 228609K [0x0000000795580000, 0x00000007aa780000, 0x00000007c0000000)
  eden space 227840K, 99% used [0x0000000795580000,0x00000007a331f1d0,0x00000007a3400000)
  from space 30208K, 5% used [0x00000007a3400000,0x00000007a35a1498,0x00000007a5180000)
  to   space 28672K, 0% used [0x00000007a8b80000,0x00000007a8b80000,0x00000007aa780000)
 ParOldGen       total 95744K, used 17927K [0x0000000740000000, 0x0000000745d80000, 0x0000000795580000)
  object space 95744K, 18% used [0x0000000740000000,0x0000000741181c08,0x0000000745d80000)
 Metaspace       used 24597K, capacity 25560K, committed 25728K, reserved 1071104K
  class space    used 3460K, capacity 3704K, committed 3712K, reserved 1048576K
Event: 38.832 GC heap after
Heap after GC invocations=14 (full 2):
 PSYoungGen      total 220672K, used 1652K [0x0000000795580000, 0x00000007a8d80000, 0x00000007c0000000)
  eden space 218624K, 0% used [0x0000000795580000,0x0000000795580000,0x00000007a2b00000)
  from space 2048K, 80% used [0x00000007a8b80000,0x00000007a8d1d1c0,0x00000007a8d80000)
  to   space 27648K, 0% used [0x00000007a5780000,0x00000007a5780000,0x00000007a7280000)
 ParOldGen       total 95744K, used 17935K [0x0000000740000000, 0x0000000745d80000, 0x0000000795580000)
  object space 95744K, 18% used [0x0000000740000000,0x0000000741183c08,0x0000000745d80000)
 Metaspace       used 24597K, capacity 25560K, committed 25728K, reserved 1071104K
  class space    used 3460K, capacity 3704K, committed 3712K, reserved 1048576K
}
Event: 45.392 GC heap before
{Heap before GC invocations=15 (full 2):
 PSYoungGen      total 220672K, used 218191K [0x0000000795580000, 0x00000007a8d80000, 0x00000007c0000000)
  eden space 218624K, 99% used [0x0000000795580000,0x00000007a28f6b18,0x00000007a2b00000)
  from space 2048K, 80% used [0x00000007a8b80000,0x00000007a8d1d1c0,0x00000007a8d80000)
  to   space 27648K, 0% used [0x00000007a5780000,0x00000007a5780000,0x00000007a7280000)
 ParOldGen       total 95744K, used 17935K [0x0000000740000000, 0x0000000745d80000, 0x0000000795580000)
  object space 95744K, 18% used [0x0000000740000000,0x0000000741183c08,0x0000000745d80000)
 Metaspace       used 24777K, capacity 25756K, committed 25984K, reserved 1071104K
  class space    used 3462K, capacity 3704K, committed 3712K, reserved 1048576K
Event: 45.396 GC heap after
Heap after GC invocations=15 (full 2):
 PSYoungGen      total 211968K, used 1750K [0x0000000795580000, 0x00000007a8c00000, 0x00000007c0000000)
  eden space 209920K, 0% used [0x0000000795580000,0x0000000795580000,0x00000007a2280000)
  from space 2048K, 85% used [0x00000007a5780000,0x00000007a5935978,0x00000007a5980000)
  to   space 26624K, 0% used [0x00000007a7200000,0x00000007a7200000,0x00000007a8c00000)
 ParOldGen       total 95744K, used 17943K [0x0000000740000000, 0x0000000745d80000, 0x0000000795580000)
  object space 95744K, 18% used [0x0000000740000000,0x0000000741185c08,0x0000000745d80000)
 Metaspace       used 24777K, capacity 25756K, committed 25984K, reserved 1071104K
  class space    used 3462K, capacity 3704K, committed 3712K, reserved 1048576K
}
Event: 51.107 GC heap before
{Heap before GC invocations=16 (full 2):
 PSYoungGen      total 211968K, used 209665K [0x0000000795580000, 0x00000007a8c00000, 0x00000007c0000000)
  eden space 209920K, 99% used [0x0000000795580000,0x00000007a208ae08,0x00000007a2280000)
  from space 2048K, 85% used [0x00000007a5780000,0x00000007a5935978,0x00000007a5980000)
  to   space 26624K, 0% used [0x00000007a7200000,0x00000007a7200000,0x00000007a8c00000)
 ParOldGen       total 95744K, used 17943K [0x0000000740000000, 0x0000000745d80000, 0x0000000795580000)
  object space 95744K, 18% used [0x0000000740000000,0x0000000741185c08,0x0000000745d80000)
 Metaspace       used 24899K, capacity 25884K, committed 25984K, reserved 1071104K
  class space    used 3463K, capacity 3704K, committed 3712K, reserved 1048576K
Event: 51.108 GC heap after
Heap after GC invocations=16 (full 2):
 PSYoungGen      total 203776K, used 1546K [0x0000000795580000, 0x00000007a7400000, 0x00000007c0000000)
  eden space 201728K, 0% used [0x0000000795580000,0x0000000795580000,0x00000007a1a80000)
  from space 2048K, 75% used [0x00000007a7200000,0x00000007a7382bb8,0x00000007a7400000)
  to   space 25088K, 0% used [0x00000007a4300000,0x00000007a4300000,0x00000007a5b80000)
 ParOldGen       total 95744K, used 17951K [0x0000000740000000, 0x0000000745d80000, 0x0000000795580000)
  object space 95744K, 18% used [0x0000000740000000,0x0000000741187c08,0x0000000745d80000)
 Metaspace       used 24899K, capacity 25884K, committed 25984K, reserved 1071104K
  class space    used 3463K, capacity 3704K, committed 3712K, reserved 1048576K
}
Event: 56.327 GC heap before
{Heap before GC invocations=17 (full 2):
 PSYoungGen      total 203776K, used 202241K [0x0000000795580000, 0x00000007a7400000, 0x00000007c0000000)
  eden space 201728K, 99% used [0x0000000795580000,0x00000007a197d980,0x00000007a1a80000)
  from space 2048K, 75% used [0x00000007a7200000,0x00000007a7382bb8,0x00000007a7400000)
  to   space 25088K, 0% used [0x00000007a4300000,0x00000007a4300000,0x00000007a5b80000)
 ParOldGen       total 95744K, used 17951K [0x0000000740000000, 0x0000000745d80000, 0x0000000795580000)
  object space 95744K, 18% used [0x0000000740000000,0x0000000741187c08,0x0000000745d80000)
 Metaspace       used 24914K, capacity 25884K, committed 25984K, reserved 1071104K
  class space    used 3463K, capacity 3704K, committed 3712K, reserved 1048576K
Event: 56.328 GC heap after
Heap after GC invocations=17 (full 2):
 PSYoungGen      total 194048K, used 288K [0x0000000795580000, 0x00000007a7280000, 0x00000007c0000000)
  eden space 193536K, 0% used [0x0000000795580000,0x0000000795580000,0x00000007a1280000)
  from space 512K, 56% used [0x00000007a4300000,0x00000007a4348000,0x00000007a4380000)
  to   space 24064K, 0% used [0x00000007a5b00000,0x00000007a5b00000,0x00000007a7280000)
 ParOldGen       total 95744K, used 17959K [0x0000000740000000, 0x0000000745d80000, 0x0000000795580000)
  object space 95744K, 18% used [0x0000000740000000,0x0000000741189c08,0x0000000745d80000)
 Metaspace       used 24914K, capacity 25884K, committed 25984K, reserved 1071104K
  class space    used 3463K, capacity 3704K, committed 3712K, reserved 1048576K
}

