# JRE version: Java(TM) SE Runtime Environment (8.0_144-b01) (build 1.8.0_144-b01)
# Java VM: Java HotSpot(TM) 64-Bit Server VM (25.144-b01 mixed mode bsd-amd64 compressed oops)
Heap:
 PSYoungGen      total 22528K, used 19164K [0x0000000795580000, 0x0000000796d80000, 0x00000007c0000000)
  eden space 20480K, 85% used [0x0000000795580000,0x00000007966a8ca0,0x0000000796980000)
  from space 2048K, 77% used [0x0000000796980000,0x0000000796b0e3f0,0x0000000796b80000)
  to   space 2048K, 0% used [0x0000000796b80000,0x0000000796b80000,0x0000000796d80000)
 ParOldGen       total 54784K, used 32760K [0x0000000740000000, 0x0000000743580000, 0x0000000795580000)
  object space 54784K, 59% used [0x0000000740000000,0x0000000741ffe040,0x0000000743580000)
 Metaspace       used 25376K, capacity 26402K, committed 26624K, reserved 1073152K
  class space    used 3470K, capacity 3715K, committed 3840K, reserved 1048576K
GC Heap History (10 events):
Event: 386.469 GC heap before
{Heap before GC invocations=349 (full 2):
 PSYoungGen      total 22528K, used 19741K [0x0000000795580000, 0x0000000796d80000, 0x00000007c0000000)
  eden space 20480K, 88% used [0x0000000795580000,0x0000000796744670,0x0000000796980000)
  from space 2048K, 75% used [0x0000000796b80000,0x0000000796d02ff8,0x0000000796d80000)
  to   space 2048K, 0% used [0x0000000796980000,0x0000000796980000,0x0000000796b80000)
 ParOldGen       total 54784K, used 32760K [0x0000000740000000, 0x0000000743580000, 0x0000000795580000)
  object space 54784K, 59% used [0x0000000740000000,0x0000000741ffe040,0x0000000743580000)
 Metaspace       used 25341K, capacity 26288K, committed 26496K, reserved 1073152K
  class space    used 3464K, capacity 3704K, committed 3712K, reserved 1048576K
Event: 386.470 GC heap after
Heap after GC invocations=349 (full 2):
 PSYoungGen      total 22528K, used 1548K [0x0000000795580000, 0x0000000796d80000, 0x00000007c0000000)
  eden space 20480K, 0% used [0x0000000795580000,0x0000000795580000,0x0000000796980000)
  from space 2048K, 75% used [0x0000000796980000,0x0000000796b030a0,0x0000000796b80000)
  to   space 2048K, 0% used [0x0000000796b80000,0x0000000796b80000,0x0000000796d80000)
 ParOldGen       total 54784K, used 32760K [0x0000000740000000, 0x0000000743580000, 0x0000000795580000)
  object space 54784K, 59% used [0x0000000740000000,0x0000000741ffe040,0x0000000743580000)
 Metaspace       used 25341K, capacity 26288K, committed 26496K, reserved 1073152K
  class space    used 3464K, capacity 3704K, committed 3712K, reserved 1048576K
}
Event: 386.901 GC heap before
{Heap before GC invocations=350 (full 2):
 PSYoungGen      total 22528K, used 19699K [0x0000000795580000, 0x0000000796d80000, 0x00000007c0000000)
  eden space 20480K, 88% used [0x0000000795580000,0x0000000796739ef8,0x0000000796980000)
  from space 2048K, 75% used [0x0000000796980000,0x0000000796b030a0,0x0000000796b80000)
  to   space 2048K, 0% used [0x0000000796b80000,0x0000000796b80000,0x0000000796d80000)
 ParOldGen       total 54784K, used 32760K [0x0000000740000000, 0x0000000743580000, 0x0000000795580000)
  object space 54784K, 59% used [0x0000000740000000,0x0000000741ffe040,0x0000000743580000)
 Metaspace       used 25350K, capacity 26288K, committed 26496K, reserved 1073152K
  class space    used 3464K, capacity 3704K, committed 3712K, reserved 1048576K
Event: 386.902 GC heap after
Heap after GC invocations=350 (full 2):
 PSYoungGen      total 22528K, used 1562K [0x0000000795580000, 0x0000000796d80000, 0x00000007c0000000)
  eden space 20480K, 0% used [0x0000000795580000,0x0000000795580000,0x0000000796980000)
  from space 2048K, 76% used [0x0000000796b80000,0x0000000796d06ad8,0x0000000796d80000)
  to   space 2048K, 0% used [0x0000000796980000,0x0000000796980000,0x0000000796b80000)
 ParOldGen       total 54784K, used 32760K [0x0000000740000000, 0x0000000743580000, 0x0000000795580000)
  object space 54784K, 59% used [0x0000000740000000,0x0000000741ffe040,0x0000000743580000)
 Metaspace       used 25350K, capacity 26288K, committed 26496K, reserved 1073152K
  class space    used 3464K, capacity 3704K, committed 3712K, reserved 1048576K
}
Event: 387.369 GC heap before
{Heap before GC invocations=351 (full 2):
 PSYoungGen      total 22528K, used 19713K [0x0000000795580000, 0x0000000796d80000, 0x00000007c0000000)
  eden space 20480K, 88% used [0x0000000795580000,0x0000000796739a90,0x0000000796980000)
  from space 2048K, 76% used [0x0000000796b80000,0x0000000796d06ad8,0x0000000796d80000)
  to   space 2048K, 0% used [0x0000000796980000,0x0000000796980000,0x0000000796b80000)
 ParOldGen       total 54784K, used 32760K [0x0000000740000000, 0x0000000743580000, 0x0000000795580000)
  object space 54784K, 59% used [0x0000000740000000,0x0000000741ffe040,0x0000000743580000)
 Metaspace       used 25350K, capacity 26288K, committed 26496K, reserved 1073152K
  class space    used 3464K, capacity 3704K, committed 3712K, reserved 1048576K
Event: 387.371 GC heap after
Heap after GC invocations=351 (full 2):
 PSYoungGen      total 22528K, used 1533K [0x0000000795580000, 0x0000000796d80000, 0x00000007c0000000)
  eden space 20480K, 0% used [0x0000000795580000,0x0000000795580000,0x0000000796980000)
  from space 2048K, 74% used [0x0000000796980000,0x0000000796aff638,0x0000000796b80000)
  to   space 2048K, 0% used [0x0000000796b80000,0x0000000796b80000,0x0000000796d80000)
 ParOldGen       total 54784K, used 32760K [0x0000000740000000, 0x0000000743580000, 0x0000000795580000)
  object space 54784K, 59% used [0x0000000740000000,0x0000000741ffe040,0x0000000743580000)
 Metaspace       used 25350K, capacity 26288K, committed 26496K, reserved 1073152K
  class space    used 3464K, capacity 3704K, committed 3712K, reserved 1048576K
}
Event: 387.802 GC heap before
{Heap before GC invocations=352 (full 2):
 PSYoungGen      total 22528K, used 19701K [0x0000000795580000, 0x0000000796d80000, 0x00000007c0000000)
  eden space 20480K, 88% used [0x0000000795580000,0x000000079673e120,0x0000000796980000)
  from space 2048K, 74% used [0x0000000796980000,0x0000000796aff638,0x0000000796b80000)
  to   space 2048K, 0% used [0x0000000796b80000,0x0000000796b80000,0x0000000796d80000)
 ParOldGen       total 54784K, used 32760K [0x0000000740000000, 0x0000000743580000, 0x0000000795580000)
  object space 54784K, 59% used [0x0000000740000000,0x0000000741ffe040,0x0000000743580000)
 Metaspace       used 25350K, capacity 26288K, committed 26496K, reserved 1073152K
  class space    used 3464K, capacity 3704K, committed 3712K, reserved 1048576K
Event: 387.804 GC heap after
Heap after GC invocations=352 (full 2):
 PSYoungGen      total 22528K, used 1572K [0x0000000795580000, 0x0000000796d80000, 0x00000007c0000000)
  eden space 20480K, 0% used [0x0000000795580000,0x0000000795580000,0x0000000796980000)
  from space 2048K, 76% used [0x0000000796b80000,0x0000000796d090a0,0x0000000796d80000)
  to   space 2048K, 0% used [0x0000000796980000,0x0000000796980000,0x0000000796b80000)
 ParOldGen       total 54784K, used 32760K [0x0000000740000000, 0x0000000743580000, 0x0000000795580000)
  object space 54784K, 59% used [0x0000000740000000,0x0000000741ffe040,0x0000000743580000)
 Metaspace       used 25350K, capacity 26288K, committed 26496K, reserved 1073152K
  class space    used 3464K, capacity 3704K, committed 3712K, reserved 1048576K
}
Event: 388.264 GC heap before
{Heap before GC invocations=353 (full 2):
 PSYoungGen      total 22528K, used 19789K [0x0000000795580000, 0x0000000796d80000, 0x00000007c0000000)
  eden space 20480K, 88% used [0x0000000795580000,0x000000079674a588,0x0000000796980000)
  from space 2048K, 76% used [0x0000000796b80000,0x0000000796d090a0,0x0000000796d80000)
  to   space 2048K, 0% used [0x0000000796980000,0x0000000796980000,0x0000000796b80000)
 ParOldGen       total 54784K, used 32760K [0x0000000740000000, 0x0000000743580000, 0x0000000795580000)
  object space 54784K, 59% used [0x0000000740000000,0x0000000741ffe040,0x0000000743580000)
 Metaspace       used 25350K, capacity 26288K, committed 26496K, reserved 1073152K
  class space    used 3464K, capacity 3704K, committed 3712K, reserved 1048576K
Event: 388.265 GC heap after
Heap after GC invocations=353 (full 2):
 PSYoungGen      total 22528K, used 1592K [0x0000000795580000, 0x0000000796d80000, 0x00000007c0000000)
  eden space 20480K, 0% used [0x0000000795580000,0x0000000795580000,0x0000000796980000)
  from space 2048K, 77% used [0x0000000796980000,0x0000000796b0e3f0,0x0000000796b80000)
  to   space 2048K, 0% used [0x0000000796b80000,0x0000000796b80000,0x0000000796d80000)
 ParOldGen       total 54784K, used 32760K [0x0000000740000000, 0x0000000743580000, 0x0000000795580000)
  object space 54784K, 59% used [0x0000000740000000,0x0000000741ffe040,0x0000000743580000)
 Metaspace       used 25350K, capacity 26288K, committed 26496K, reserved 1073152K
  class space    used 3464K, capacity 3704K, committed 3712K, reserved 1048576K
}

