# JRE version: Java(TM) SE Runtime Environment (8.0_144-b01) (build 1.8.0_144-b01)
# Java VM: Java HotSpot(TM) 64-Bit Server VM (25.144-b01 mixed mode bsd-amd64 compressed oops)
Heap:
 PSYoungGen      total 141312K, used 82282K [0x0000000795580000, 0x00000007a3180000, 0x00000007c0000000)
  eden space 140800K, 58% used [0x0000000795580000,0x000000079a563e50,0x000000079df00000)
  from space 512K, 92% used [0x00000007a3100000,0x00000007a3176ba0,0x00000007a3180000)
  to   space 8192K, 0% used [0x00000007a2180000,0x00000007a2180000,0x00000007a2980000)
 ParOldGen       total 46592K, used 16347K [0x0000000740000000, 0x0000000742d80000, 0x0000000795580000)
  object space 46592K, 35% used [0x0000000740000000,0x0000000740ff6f70,0x0000000742d80000)
 Metaspace       used 24928K, capacity 25934K, committed 26112K, reserved 1071104K
  class space    used 3474K, capacity 3715K, committed 3840K, reserved 1048576K
GC Heap History (10 events):
Event: 53.174 GC heap before
{Heap before GC invocations=17 (full 1):
 PSYoungGen      total 179712K, used 175090K [0x0000000795580000, 0x00000007a4900000, 0x00000007c0000000)
  eden space 171008K, 100% used [0x0000000795580000,0x000000079fc80000,0x000000079fc80000)
  from space 8704K, 46% used [0x00000007a3800000,0x00000007a3bfc960,0x00000007a4080000)
  to   space 8704K, 0% used [0x00000007a4080000,0x00000007a4080000,0x00000007a4900000)
 ParOldGen       total 46592K, used 16339K [0x0000000740000000, 0x0000000742d80000, 0x0000000795580000)
  object space 46592K, 35% used [0x0000000740000000,0x0000000740ff4f70,0x0000000742d80000)
 Metaspace       used 24817K, capacity 25820K, committed 25984K, reserved 1071104K
  class space    used 3467K, capacity 3704K, committed 3712K, reserved 1048576K
Event: 53.176 GC heap after
Heap after GC invocations=17 (full 1):
 PSYoungGen      total 164864K, used 442K [0x0000000795580000, 0x00000007a4100000, 0x00000007c0000000)
  eden space 164352K, 0% used [0x0000000795580000,0x0000000795580000,0x000000079f600000)
  from space 512K, 86% used [0x00000007a4080000,0x00000007a40eeba0,0x00000007a4100000)
  to   space 8704K, 0% used [0x00000007a3000000,0x00000007a3000000,0x00000007a3880000)
 ParOldGen       total 46592K, used 16339K [0x0000000740000000, 0x0000000742d80000, 0x0000000795580000)
  object space 46592K, 35% used [0x0000000740000000,0x0000000740ff4f70,0x0000000742d80000)
 Metaspace       used 24817K, capacity 25820K, committed 25984K, reserved 1071104K
  class space    used 3467K, capacity 3704K, committed 3712K, reserved 1048576K
}
Event: 58.275 GC heap before
{Heap before GC invocations=18 (full 1):
 PSYoungGen      total 164864K, used 164186K [0x0000000795580000, 0x00000007a4100000, 0x00000007c0000000)
  eden space 164352K, 99% used [0x0000000795580000,0x000000079f567e80,0x000000079f600000)
  from space 512K, 86% used [0x00000007a4080000,0x00000007a40eeba0,0x00000007a4100000)
  to   space 8704K, 0% used [0x00000007a3000000,0x00000007a3000000,0x00000007a3880000)
 ParOldGen       total 46592K, used 16339K [0x0000000740000000, 0x0000000742d80000, 0x0000000795580000)
  object space 46592K, 35% used [0x0000000740000000,0x0000000740ff4f70,0x0000000742d80000)
 Metaspace       used 24832K, capacity 25820K, committed 25984K, reserved 1071104K
  class space    used 3467K, capacity 3704K, committed 3712K, reserved 1048576K
Event: 58.277 GC heap after
Heap after GC invocations=18 (full 1):
 PSYoungGen      total 166912K, used 639K [0x0000000795580000, 0x00000007a4100000, 0x00000007c0000000)
  eden space 158208K, 0% used [0x0000000795580000,0x0000000795580000,0x000000079f000000)
  from space 8704K, 7% used [0x00000007a3000000,0x00000007a309fe20,0x00000007a3880000)
  to   space 8704K, 0% used [0x00000007a3880000,0x00000007a3880000,0x00000007a4100000)
 ParOldGen       total 46592K, used 16347K [0x0000000740000000, 0x0000000742d80000, 0x0000000795580000)
  object space 46592K, 35% used [0x0000000740000000,0x0000000740ff6f70,0x0000000742d80000)
 Metaspace       used 24832K, capacity 25820K, committed 25984K, reserved 1071104K
  class space    used 3467K, capacity 3704K, committed 3712K, reserved 1048576K
}
Event: 62.574 GC heap before
{Heap before GC invocations=19 (full 1):
 PSYoungGen      total 166912K, used 158076K [0x0000000795580000, 0x00000007a4100000, 0x00000007c0000000)
  eden space 158208K, 99% used [0x0000000795580000,0x000000079ef3f538,0x000000079f000000)
  from space 8704K, 7% used [0x00000007a3000000,0x00000007a309fe20,0x00000007a3880000)
  to   space 8704K, 0% used [0x00000007a3880000,0x00000007a3880000,0x00000007a4100000)
 ParOldGen       total 46592K, used 16347K [0x0000000740000000, 0x0000000742d80000, 0x0000000795580000)
  object space 46592K, 35% used [0x0000000740000000,0x0000000740ff6f70,0x0000000742d80000)
 Metaspace       used 24832K, capacity 25820K, committed 25984K, reserved 1071104K
  class space    used 3467K, capacity 3704K, committed 3712K, reserved 1048576K
Event: 62.575 GC heap after
Heap after GC invocations=19 (full 1):
 PSYoungGen      total 152576K, used 410K [0x0000000795580000, 0x00000007a3900000, 0x00000007c0000000)
  eden space 152064K, 0% used [0x0000000795580000,0x0000000795580000,0x000000079ea00000)
  from space 512K, 80% used [0x00000007a3880000,0x00000007a38e6ba0,0x00000007a3900000)
  to   space 8192K, 0% used [0x00000007a2900000,0x00000007a2900000,0x00000007a3100000)
 ParOldGen       total 46592K, used 16347K [0x0000000740000000, 0x0000000742d80000, 0x0000000795580000)
  object space 46592K, 35% used [0x0000000740000000,0x0000000740ff6f70,0x0000000742d80000)
 Metaspace       used 24832K, capacity 25820K, committed 25984K, reserved 1071104K
  class space    used 3467K, capacity 3704K, committed 3712K, reserved 1048576K
}
Event: 66.662 GC heap before
{Heap before GC invocations=20 (full 1):
 PSYoungGen      total 152576K, used 152341K [0x0000000795580000, 0x00000007a3900000, 0x00000007c0000000)
  eden space 152064K, 99% used [0x0000000795580000,0x000000079e9debb8,0x000000079ea00000)
  from space 512K, 80% used [0x00000007a3880000,0x00000007a38e6ba0,0x00000007a3900000)
  to   space 8192K, 0% used [0x00000007a2900000,0x00000007a2900000,0x00000007a3100000)
 ParOldGen       total 46592K, used 16347K [0x0000000740000000, 0x0000000742d80000, 0x0000000795580000)
  object space 46592K, 35% used [0x0000000740000000,0x0000000740ff6f70,0x0000000742d80000)
 Metaspace       used 24862K, capacity 25820K, committed 25984K, reserved 1071104K
  class space    used 3467K, capacity 3704K, committed 3712K, reserved 1048576K
Event: 66.663 GC heap after
Heap after GC invocations=20 (full 1):
 PSYoungGen      total 154624K, used 474K [0x0000000795580000, 0x00000007a3900000, 0x00000007c0000000)
  eden space 146432K, 0% used [0x0000000795580000,0x0000000795580000,0x000000079e480000)
  from space 8192K, 5% used [0x00000007a2900000,0x00000007a2976ba0,0x00000007a3100000)
  to   space 8192K, 0% used [0x00000007a3100000,0x00000007a3100000,0x00000007a3900000)
 ParOldGen       total 46592K, used 16347K [0x0000000740000000, 0x0000000742d80000, 0x0000000795580000)
  object space 46592K, 35% used [0x0000000740000000,0x0000000740ff6f70,0x0000000742d80000)
 Metaspace       used 24862K, capacity 25820K, committed 25984K, reserved 1071104K
  class space    used 3467K, capacity 3704K, committed 3712K, reserved 1048576K
}
Event: 70.224 GC heap before
{Heap before GC invocations=21 (full 1):
 PSYoungGen      total 154624K, used 146006K [0x0000000795580000, 0x00000007a3900000, 0x00000007c0000000)
  eden space 146432K, 99% used [0x0000000795580000,0x000000079e39ef28,0x000000079e480000)
  from space 8192K, 5% used [0x00000007a2900000,0x00000007a2976ba0,0x00000007a3100000)
  to   space 8192K, 0% used [0x00000007a3100000,0x00000007a3100000,0x00000007a3900000)
 ParOldGen       total 46592K, used 16347K [0x0000000740000000, 0x0000000742d80000, 0x0000000795580000)
  object space 46592K, 35% used [0x0000000740000000,0x0000000740ff6f70,0x0000000742d80000)
 Metaspace       used 24902K, capacity 25884K, committed 25984K, reserved 1071104K
  class space    used 3467K, capacity 3704K, committed 3712K, reserved 1048576K
Event: 70.226 GC heap after
Heap after GC invocations=21 (full 1):
 PSYoungGen      total 141312K, used 474K [0x0000000795580000, 0x00000007a3180000, 0x00000007c0000000)
  eden space 140800K, 0% used [0x0000000795580000,0x0000000795580000,0x000000079df00000)
  from space 512K, 92% used [0x00000007a3100000,0x00000007a3176ba0,0x00000007a3180000)
  to   space 8192K, 0% used [0x00000007a2180000,0x00000007a2180000,0x00000007a2980000)
 ParOldGen       total 46592K, used 16347K [0x0000000740000000, 0x0000000742d80000, 0x0000000795580000)
  object space 46592K, 35% used [0x0000000740000000,0x0000000740ff6f70,0x0000000742d80000)
 Metaspace       used 24902K, capacity 25884K, committed 25984K, reserved 1071104K
  class space    used 3467K, capacity 3704K, committed 3712K, reserved 1048576K
}

