# JRE version: Java(TM) SE Runtime Environment (8.0_144-b01) (build 1.8.0_144-b01)
# Java VM: Java HotSpot(TM) 64-Bit Server VM (25.144-b01 mixed mode bsd-amd64 compressed oops)
Heap:
 PSYoungGen      total 42496K, used 21188K [0x0000000795580000, 0x000000079a900000, 0x00000007c0000000)
  eden space 37376K, 43% used [0x0000000795580000,0x00000007965711e8,0x0000000797a00000)
  from space 5120K, 95% used [0x0000000799080000,0x0000000799540000,0x0000000799580000)
  to   space 12800K, 0% used [0x0000000799c80000,0x0000000799c80000,0x000000079a900000)
 ParOldGen       total 47104K, used 37032K [0x0000000740000000, 0x0000000742e00000, 0x0000000795580000)
  object space 47104K, 78% used [0x0000000740000000,0x000000074242a3a0,0x0000000742e00000)
 Metaspace       used 25157K, capacity 26180K, committed 26368K, reserved 1071104K
  class space    used 3487K, capacity 3750K, committed 3840K, reserved 1048576K
GC Heap History (10 events):
Event: 450.683 GC heap before
{Heap before GC invocations=60 (full 1):
 PSYoungGen      total 41472K, used 41472K [0x0000000795580000, 0x000000079b280000, 0x00000007c0000000)
  eden space 39936K, 100% used [0x0000000795580000,0x0000000797c80000,0x0000000797c80000)
  from space 1536K, 100% used [0x000000079b100000,0x000000079b280000,0x000000079b280000)
  to   space 7168K, 0% used [0x000000079a480000,0x000000079a480000,0x000000079ab80000)
 ParOldGen       total 47104K, used 26216K [0x0000000740000000, 0x0000000742e00000, 0x0000000795580000)
  object space 47104K, 55% used [0x0000000740000000,0x000000074199a3a0,0x0000000742e00000)
 Metaspace       used 25123K, capacity 26130K, committed 26368K, reserved 1071104K
  class space    used 3480K, capacity 3739K, committed 3840K, reserved 1048576K
Event: 450.690 GC heap after
Heap after GC invocations=60 (full 1):
 PSYoungGen      total 44032K, used 4544K [0x0000000795580000, 0x000000079b180000, 0x00000007c0000000)
  eden space 39424K, 0% used [0x0000000795580000,0x0000000795580000,0x0000000797c00000)
  from space 4608K, 98% used [0x000000079a480000,0x000000079a8f0000,0x000000079a900000)
  to   space 7680K, 0% used [0x000000079aa00000,0x000000079aa00000,0x000000079b180000)
 ParOldGen       total 47104K, used 26216K [0x0000000740000000, 0x0000000742e00000, 0x0000000795580000)
  object space 47104K, 55% used [0x0000000740000000,0x000000074199a3a0,0x0000000742e00000)
 Metaspace       used 25123K, capacity 26130K, committed 26368K, reserved 1071104K
  class space    used 3480K, capacity 3739K, committed 3840K, reserved 1048576K
}
Event: 486.016 GC heap before
{Heap before GC invocations=61 (full 1):
 PSYoungGen      total 44032K, used 43968K [0x0000000795580000, 0x000000079b180000, 0x00000007c0000000)
  eden space 39424K, 100% used [0x0000000795580000,0x0000000797c00000,0x0000000797c00000)
  from space 4608K, 98% used [0x000000079a480000,0x000000079a8f0000,0x000000079a900000)
  to   space 7680K, 0% used [0x000000079aa00000,0x000000079aa00000,0x000000079b180000)
 ParOldGen       total 47104K, used 26216K [0x0000000740000000, 0x0000000742e00000, 0x0000000795580000)
  object space 47104K, 55% used [0x0000000740000000,0x000000074199a3a0,0x0000000742e00000)
 Metaspace       used 25123K, capacity 26130K, committed 26368K, reserved 1071104K
  class space    used 3480K, capacity 3739K, committed 3840K, reserved 1048576K
Event: 486.091 GC heap after
Heap after GC invocations=61 (full 1):
 PSYoungGen      total 46592K, used 7296K [0x0000000795580000, 0x000000079b180000, 0x00000007c0000000)
  eden space 38912K, 0% used [0x0000000795580000,0x0000000795580000,0x0000000797b80000)
  from space 7680K, 95% used [0x000000079aa00000,0x000000079b120000,0x000000079b180000)
  to   space 9216K, 0% used [0x0000000799f80000,0x0000000799f80000,0x000000079a880000)
 ParOldGen       total 47104K, used 26216K [0x0000000740000000, 0x0000000742e00000, 0x0000000795580000)
  object space 47104K, 55% used [0x0000000740000000,0x000000074199a3a0,0x0000000742e00000)
 Metaspace       used 25123K, capacity 26130K, committed 26368K, reserved 1071104K
  class space    used 3480K, capacity 3739K, committed 3840K, reserved 1048576K
}
Event: 520.350 GC heap before
{Heap before GC invocations=62 (full 1):
 PSYoungGen      total 46592K, used 46208K [0x0000000795580000, 0x000000079b180000, 0x00000007c0000000)
  eden space 38912K, 100% used [0x0000000795580000,0x0000000797b80000,0x0000000797b80000)
  from space 7680K, 95% used [0x000000079aa00000,0x000000079b120000,0x000000079b180000)
  to   space 9216K, 0% used [0x0000000799f80000,0x0000000799f80000,0x000000079a880000)
 ParOldGen       total 47104K, used 26216K [0x0000000740000000, 0x0000000742e00000, 0x0000000795580000)
  object space 47104K, 55% used [0x0000000740000000,0x000000074199a3a0,0x0000000742e00000)
 Metaspace       used 25123K, capacity 26130K, committed 26368K, reserved 1071104K
  class space    used 3480K, capacity 3739K, committed 3840K, reserved 1048576K
Event: 520.435 GC heap after
Heap after GC invocations=62 (full 1):
 PSYoungGen      total 47616K, used 9216K [0x0000000795580000, 0x000000079aa80000, 0x00000007c0000000)
  eden space 38400K, 0% used [0x0000000795580000,0x0000000795580000,0x0000000797b00000)
  from space 9216K, 100% used [0x0000000799f80000,0x000000079a880000,0x000000079a880000)
  to   space 2048K, 0% used [0x000000079a880000,0x000000079a880000,0x000000079aa80000)
 ParOldGen       total 47104K, used 26960K [0x0000000740000000, 0x0000000742e00000, 0x0000000795580000)
  object space 47104K, 57% used [0x0000000740000000,0x0000000741a543a0,0x0000000742e00000)
 Metaspace       used 25123K, capacity 26130K, committed 26368K, reserved 1071104K
  class space    used 3480K, capacity 3739K, committed 3840K, reserved 1048576K
}
Event: 554.764 GC heap before
{Heap before GC invocations=63 (full 1):
 PSYoungGen      total 47616K, used 47616K [0x0000000795580000, 0x000000079aa80000, 0x00000007c0000000)
  eden space 38400K, 100% used [0x0000000795580000,0x0000000797b00000,0x0000000797b00000)
  from space 9216K, 100% used [0x0000000799f80000,0x000000079a880000,0x000000079a880000)
  to   space 2048K, 0% used [0x000000079a880000,0x000000079a880000,0x000000079aa80000)
 ParOldGen       total 47104K, used 26960K [0x0000000740000000, 0x0000000742e00000, 0x0000000795580000)
  object space 47104K, 57% used [0x0000000740000000,0x0000000741a543a0,0x0000000742e00000)
 Metaspace       used 25125K, capacity 26130K, committed 26368K, reserved 1071104K
  class space    used 3480K, capacity 3739K, committed 3840K, reserved 1048576K
Event: 554.782 GC heap after
Heap after GC invocations=63 (full 1):
 PSYoungGen      total 39936K, used 2048K [0x0000000795580000, 0x000000079aa80000, 0x00000007c0000000)
  eden space 37888K, 0% used [0x0000000795580000,0x0000000795580000,0x0000000797a80000)
  from space 2048K, 100% used [0x000000079a880000,0x000000079aa80000,0x000000079aa80000)
  to   space 13312K, 0% used [0x0000000799080000,0x0000000799080000,0x0000000799d80000)
 ParOldGen       total 47104K, used 37024K [0x0000000740000000, 0x0000000742e00000, 0x0000000795580000)
  object space 47104K, 78% used [0x0000000740000000,0x00000007424283a0,0x0000000742e00000)
 Metaspace       used 25125K, capacity 26130K, committed 26368K, reserved 1071104K
  class space    used 3480K, capacity 3739K, committed 3840K, reserved 1048576K
}
Event: 588.862 GC heap before
{Heap before GC invocations=64 (full 1):
 PSYoungGen      total 39936K, used 39936K [0x0000000795580000, 0x000000079aa80000, 0x00000007c0000000)
  eden space 37888K, 100% used [0x0000000795580000,0x0000000797a80000,0x0000000797a80000)
  from space 2048K, 100% used [0x000000079a880000,0x000000079aa80000,0x000000079aa80000)
  to   space 13312K, 0% used [0x0000000799080000,0x0000000799080000,0x0000000799d80000)
 ParOldGen       total 47104K, used 37024K [0x0000000740000000, 0x0000000742e00000, 0x0000000795580000)
  object space 47104K, 78% used [0x0000000740000000,0x00000007424283a0,0x0000000742e00000)
 Metaspace       used 25125K, capacity 26130K, committed 26368K, reserved 1071104K
  class space    used 3480K, capacity 3739K, committed 3840K, reserved 1048576K
Event: 588.872 GC heap after
Heap after GC invocations=64 (full 1):
 PSYoungGen      total 42496K, used 4864K [0x0000000795580000, 0x000000079a900000, 0x00000007c0000000)
  eden space 37376K, 0% used [0x0000000795580000,0x0000000795580000,0x0000000797a00000)
  from space 5120K, 95% used [0x0000000799080000,0x0000000799540000,0x0000000799580000)
  to   space 12800K, 0% used [0x0000000799c80000,0x0000000799c80000,0x000000079a900000)
 ParOldGen       total 47104K, used 37032K [0x0000000740000000, 0x0000000742e00000, 0x0000000795580000)
  object space 47104K, 78% used [0x0000000740000000,0x000000074242a3a0,0x0000000742e00000)
 Metaspace       used 25125K, capacity 26130K, committed 26368K, reserved 1071104K
  class space    used 3480K, capacity 3739K, committed 3840K, reserved 1048576K
}

